<?xml version="1.0" encoding="utf-8"?><testsuites name="pytest tests"><testsuite name="pytest" errors="0" failures="0" skipped="0" tests="9" time="1.161" timestamp="2026-05-22T20:44:25.075719+00:00" hostname="agent-env-68bbe680-9e5b-4b92-9798-f59be8429465"><testcase classname="backend.tests.test_portfolio_api.TestRoot" name="test_root_returns_welcome" time="0.192" /><testcase classname="backend.tests.test_portfolio_api.TestContact" name="test_create_contact_valid" time="0.153" /><testcase classname="backend.tests.test_portfolio_api.TestContact" name="test_create_contact_invalid_email" time="0.071" /><testcase classname="backend.tests.test_portfolio_api.TestContact" name="test_create_contact_missing_name" time="0.068" /><testcase classname="backend.tests.test_portfolio_api.TestContact" name="test_create_contact_empty_name" time="0.068" /><testcase classname="backend.tests.test_portfolio_api.TestContact" name="test_create_contact_empty_message" time="0.067" /><testcase classname="backend.tests.test_portfolio_api.TestContact" name="test_list_contact_no_objectid_and_sorted" time="0.202" /><testcase classname="backend.tests.test_portfolio_api.TestStatusLegacy" name="test_create_status" time="0.080" /><testcase classname="backend.tests.test_portfolio_api.TestStatusLegacy" name="test_list_status" time="0.069" /></testsuite></testsuites>